:: Resolving dependencies...
:: Calculating conflicts...
:: Calculating inner conflicts...

Aur (6)                    Old Version  New Version    Make Only
aur/idris2-elab-util-git                latest-1       No
aur/idris2-parser-git                   latest-2       Yes
aur/idris2-refined-git                  latest-2       Yes
aur/idris2-sop-git                      latest-2       Yes
aur/idris2-parser-all-git               latest-2       No
aur/idris2-pack-git                     latest-3       No

:: Proceed to review? [Y/n]: 
:: Downloading PKGBUILDs...
 PKGBUILDs up to date
 nothing new to review
fetching devel info...
==> Making package: idris2-elab-util-git latest-1 (Tue 05 Aug 2025 11:26:56 AM EDT)
==> Retrieving sources...
  -> Updating idris2-elab-util git repo...
==> Validating source files with sha256sums...
==> Making package: idris2-elab-util-git latest-1 (Tue 05 Aug 2025 11:26:57 AM EDT)
==> Checking runtime dependencies...
==> Checking buildtime dependencies...
==> Retrieving sources...
  -> Updating idris2-elab-util git repo...
==> Validating source files with sha256sums...
==> Removing existing $srcdir/ directory...
==> Extracting sources...
  -> Creating working copy of idris2-elab-util git repo...
==> Starting pkgver()...
==> Updated version: idris2-elab-util-git r225.ffbfe4f-1
==> Sources are ready.
idris2-elab-util-git-latest-1: parsing pkg list...
==> Making package: idris2-elab-util-git r225.ffbfe4f-1 (Tue 05 Aug 2025 11:26:58 AM EDT)
==> Checking runtime dependencies...
==> Checking buildtime dependencies...
==> Starting pkgver()...
==> Removing existing $pkgdir/ directory...
==> Starting build()...
 1/21: Building Language.Reflection.Syntax (src/Language/Reflection/Syntax.idr)
Error: While processing right hand side of withClause. When unifying:
    TTImp -> Count -> TTImp -> Maybe Name -> List WithFlag -> List Clause -> Clause
and:
    TTImp -> Count -> TTImp -> Maybe (Count, Name) -> List WithFlag -> List Clause -> Clause
Mismatch between: Name and (Count, Name).

Language.Reflection.Syntax:452:14--452:32
 448 |   -> (prf     : Maybe (Count, Name))
 449 |   -> (flags   : List WithFlag)
 450 |   -> (clauses : List Clause)
 451 |   -> Clause
 452 | withClause = WithClause EmptyFC
                    ^^^^^^^^^^^^^^^^^^

Error: While processing right hand side of mkTy. Undefined name MkFCVal. 

Language.Reflection.Syntax:477:23--477:30
 473 | |||
 474 | ||| This is an alias for `MkTyp EmptyFC`.
 475 | public export %inline
 476 | mkTy : (name : Name) -> (type : TTImp) -> ITy
 477 | mkTy = MkTy EmptyFC . MkFCVal EmptyFC
                             ^^^^^^^

Error: While processing right hand side of claim. Undefined name MkFCVal. 

Language.Reflection.Syntax:491:32--491:39
 487 |   -> (opts  : List FnOpt)
 488 |   -> (name  : Name)
 489 |   -> (type  : TTImp)
 490 |   -> Decl
 491 | claim c v opts n tp = IClaim $ MkFCVal EmptyFC $ MkIClaimData c v opts (mkTy n tp)
                                      ^^^^^^^

